2023/11/21 14:51:56 [error] [exception.CException] CException: Alias "modules.srbac.components.SDbAuthManager" is invalid. Make sure it points to an existing directory or file. in C:\xampp\htdocs\yii\framework\YiiBase.php:355
Stack trace:
#0 C:\xampp\htdocs\yii\framework\YiiBase.php(204): YiiBase::import('modules.srbac.c...', true)
#1 C:\xampp\htdocs\yii\framework\base\CModule.php(393): YiiBase::createComponent(Array)
#2 C:\xampp\htdocs\yii\framework\base\CModule.php(103): CModule->getComponent('authManager')
#3 C:\xampp\htdocs\klinik\protected\modules\srbac\SrbacModule.php(244): CModule->__get('authManager')
#4 C:\xampp\htdocs\klinik\protected\modules\srbac\controllers\AuthitemController.php(43): SrbacModule->isInstalled()
#5 C:\xampp\htdocs\yii\framework\web\CController.php(306): AuthitemController->beforeAction(Object(CInlineAction))
#6 C:\xampp\htdocs\yii\framework\web\CController.php(286): CController->runAction(Object(CInlineAction))
#7 C:\xampp\htdocs\yii\framework\web\CController.php(265): CController->runActionWithFilters(Object(CInlineAction), Array)
#8 C:\xampp\htdocs\yii\framework\web\CWebApplication.php(282): CController->run('frontpage')
#9 C:\xampp\htdocs\yii\framework\web\CWebApplication.php(141): CWebApplication->runController('srbac/authitem/...')
#10 C:\xampp\htdocs\yii\framework\base\CApplication.php(185): CWebApplication->processRequest()
#11 C:\xampp\htdocs\klinik\index.php(13): CApplication->run()
#12 {main}
REQUEST_URI=/klinik/index.php?r=srbac/authitem/frontpage
---
2023/11/21 14:51:56 [error] [exception.CException] CException: Alias "modules.srbac.components.SDbAuthManager" is invalid. Make sure it points to an existing directory or file. in C:\xampp\htdocs\yii\framework\YiiBase.php:355
Stack trace:
#0 C:\xampp\htdocs\yii\framework\YiiBase.php(204): YiiBase::import('modules.srbac.c...', true)
#1 C:\xampp\htdocs\yii\framework\base\CModule.php(393): YiiBase::createComponent(Array)
#2 C:\xampp\htdocs\yii\framework\base\CModule.php(103): CModule->getComponent('authManager')
#3 C:\xampp\htdocs\klinik\protected\modules\srbac\SrbacModule.php(244): CModule->__get('authManager')
#4 C:\xampp\htdocs\klinik\protected\modules\srbac\controllers\AuthitemController.php(43): SrbacModule->isInstalled()
#5 C:\xampp\htdocs\yii\framework\web\CController.php(306): AuthitemController->beforeAction(Object(CInlineAction))
#6 C:\xampp\htdocs\yii\framework\web\CController.php(286): CController->runAction(Object(CInlineAction))
#7 C:\xampp\htdocs\yii\framework\web\CController.php(265): CController->runActionWithFilters(Object(CInlineAction), Array)
#8 C:\xampp\htdocs\yii\framework\web\CWebApplication.php(282): CController->run('frontpage')
#9 C:\xampp\htdocs\yii\framework\web\CWebApplication.php(141): CWebApplication->runController('srbac/authitem/...')
#10 C:\xampp\htdocs\yii\framework\base\CApplication.php(185): CWebApplication->processRequest()
#11 C:\xampp\htdocs\klinik\index.php(13): CApplication->run()
#12 {main}
REQUEST_URI=/klinik/index.php?r=srbac/authitem/frontpage
---
2023/11/21 14:52:28 [error] [php] Trying to access array offset on value of type null (C:\xampp\htdocs\klinik\protected\modules\srbac\views\authitem\install\install.php:104)
Stack trace:
#0 C:\xampp\htdocs\yii\framework\web\CBaseController.php(126): require()
#1 C:\xampp\htdocs\yii\framework\web\CBaseController.php(95): AuthitemController->renderInternal()
#2 C:\xampp\htdocs\yii\framework\web\CController.php(872): AuthitemController->renderFile()
#3 C:\xampp\htdocs\yii\framework\web\CController.php(785): AuthitemController->renderPartial()
#4 C:\xampp\htdocs\klinik\protected\modules\srbac\controllers\AuthitemController.php(495): AuthitemController->render()
#5 C:\xampp\htdocs\yii\framework\web\actions\CInlineAction.php(49): AuthitemController->actionInstall()
#6 C:\xampp\htdocs\yii\framework\web\CController.php(308): CInlineAction->runWithParams()
#7 C:\xampp\htdocs\yii\framework\web\CController.php(286): AuthitemController->runAction()
#8 C:\xampp\htdocs\yii\framework\web\CController.php(265): AuthitemController->runActionWithFilters()
#9 C:\xampp\htdocs\yii\framework\web\CWebApplication.php(282): AuthitemController->run()
#10 C:\xampp\htdocs\yii\framework\web\CWebApplication.php(141): CWebApplication->runController()
#11 C:\xampp\htdocs\yii\framework\base\CApplication.php(185): CWebApplication->processRequest()
#12 C:\xampp\htdocs\klinik\index.php(13): CWebApplication->run()
REQUEST_URI=/klinik/index.php?r=srbac/authitem/install
in C:\xampp\htdocs\klinik\protected\modules\srbac\views\authitem\install\install.php (104)
in C:\xampp\htdocs\klinik\protected\modules\srbac\controllers\AuthitemController.php (495)
in C:\xampp\htdocs\klinik\index.php (13)
2023/11/21 14:52:30 [error] [php] Trying to access array offset on value of type null (C:\xampp\htdocs\klinik\protected\modules\srbac\views\authitem\install\install.php:104)
Stack trace:
#0 C:\xampp\htdocs\yii\framework\web\CBaseController.php(126): require()
#1 C:\xampp\htdocs\yii\framework\web\CBaseController.php(95): AuthitemController->renderInternal()
#2 C:\xampp\htdocs\yii\framework\web\CController.php(872): AuthitemController->renderFile()
#3 C:\xampp\htdocs\yii\framework\web\CController.php(785): AuthitemController->renderPartial()
#4 C:\xampp\htdocs\klinik\protected\modules\srbac\controllers\AuthitemController.php(495): AuthitemController->render()
#5 C:\xampp\htdocs\yii\framework\web\actions\CInlineAction.php(49): AuthitemController->actionInstall()
#6 C:\xampp\htdocs\yii\framework\web\CController.php(308): CInlineAction->runWithParams()
#7 C:\xampp\htdocs\yii\framework\web\CController.php(286): AuthitemController->runAction()
#8 C:\xampp\htdocs\yii\framework\web\CController.php(265): AuthitemController->runActionWithFilters()
#9 C:\xampp\htdocs\yii\framework\web\CWebApplication.php(282): AuthitemController->run()
#10 C:\xampp\htdocs\yii\framework\web\CWebApplication.php(141): CWebApplication->runController()
#11 C:\xampp\htdocs\yii\framework\base\CApplication.php(185): CWebApplication->processRequest()
#12 C:\xampp\htdocs\klinik\index.php(13): CWebApplication->run()
REQUEST_URI=/klinik/index.php?r=srbac/authitem/install
in C:\xampp\htdocs\klinik\protected\modules\srbac\views\authitem\install\install.php (104)
in C:\xampp\htdocs\klinik\protected\modules\srbac\controllers\AuthitemController.php (495)
in C:\xampp\htdocs\klinik\index.php (13)
2023/11/21 15:00:26 [error] [exception.CHttpException.404] CHttpException: Unable to resolve the request "users". in C:\xampp\htdocs\yii\framework\web\CWebApplication.php:286
Stack trace:
#0 C:\xampp\htdocs\yii\framework\web\CWebApplication.php(141): CWebApplication->runController('users')
#1 C:\xampp\htdocs\yii\framework\base\CApplication.php(185): CWebApplication->processRequest()
#2 C:\xampp\htdocs\klinik\index.php(13): CApplication->run()
#3 {main}
REQUEST_URI=/klinik/index.php?r=users
---
2023/11/21 15:03:30 [error] [exception.CHttpException.404] CHttpException: The system is unable to find the requested action "page". in C:\xampp\htdocs\yii\framework\web\CController.php:486
Stack trace:
#0 C:\xampp\htdocs\yii\framework\web\CController.php(270): CController->missingAction('page')
#1 C:\xampp\htdocs\yii\framework\web\CWebApplication.php(282): CController->run('page')
#2 C:\xampp\htdocs\yii\framework\web\CWebApplication.php(141): CWebApplication->runController('user/page')
#3 C:\xampp\htdocs\yii\framework\base\CApplication.php(185): CWebApplication->processRequest()
#4 C:\xampp\htdocs\klinik\index.php(13): CApplication->run()
#5 {main}
REQUEST_URI=/klinik/index.php?r=user/page&view=about
---
